#
# There is insufficient memory for the Java Runtime Environment to continue.
# Native memory allocation (malloc) failed to allocate 671376 bytes for Chunk::new
# Possible reasons:
#   The system is out of physical RAM or swap space
#   The process is running with CompressedOops enabled, and the Java Heap may be blocking the growth of the native heap
# Possible solutions:
#   Reduce memory load on the system
#   Increase physical memory or swap space
#   Check if swap backing store is full
#   Decrease Java heap size (-Xmx/-Xms)
#   Decrease number of Java threads
#   Decrease Java thread stack sizes (-Xss)
#   Set larger code cache with -XX:ReservedCodeCacheSize=
#   JVM is running with Unscaled Compressed Oops mode in which the Java heap is
#     placed in the first 4GB address space. The Java Heap base address is the
#     maximum limit for the native heap growth. Please use -XX:HeapBaseMinAddress
#     to set the Java Heap base and to place the Java Heap above 4GB virtual address.
# This output file may be truncated or incomplete.
#
#  Out of Memory Error (./src/hotspot/share/memory/arena.cpp:197), pid=25116, tid=25524
#
# JRE version: OpenJDK Runtime Environment (11.0.8) (build 11.0.8-internal+0-adhoc..jdk11u)
# Java VM: OpenJDK 64-Bit Server VM (11.0.8-internal+0-adhoc..jdk11u, mixed mode, tiered, compressed oops, g1 gc, windows-amd64)
# No core dump will be written. Minidumps are not enabled by default on client versions of Windows
#

---------------  S U M M A R Y ------------

Command Line: -Xmx64m -Xms64m -Dorg.gradle.appname=gradlew org.gradle.wrapper.GradleWrapperMain tasks

Host: Intel(R) Core(TM) i5-6300U CPU @ 2.40GHz, 4 cores, 7G,  Windows 10 , 64 bit Build 22621 (10.0.22621.2215)
Time: Wed Sep 20 13:35:44 2023 India Standard Time elapsed time: 1 seconds (0d 0h 0m 1s)

---------------  T H R E A D  ---------------

Current thread (0x000002061ac68000):  JavaThread "C2 CompilerThread0" daemon [_thread_in_native, id=25524, stack(0x000000e067800000,0x000000e067900000)]


Current CompileTask:
C2:   1931  798  s!   4       jdk.internal.loader.URLClassPath::getLoader (194 bytes)

Stack: [0x000000e067800000,0x000000e067900000]
Native frames: (J=compiled Java code, j=interpreted, Vv=VM code, C=native code)
V  [jvm.dll+0x5dfa5a]
V  [jvm.dll+0x7175ce]
V  [jvm.dll+0x718c9f]
V  [jvm.dll+0x719363]
V  [jvm.dll+0x240e48]
V  [jvm.dll+0xb96ac]
V  [jvm.dll+0xb9dac]
V  [jvm.dll+0x346387]
V  [jvm.dll+0x193831]
V  [jvm.dll+0x1faa32]
V  [jvm.dll+0x1f9adf]
V  [jvm.dll+0x17e4ec]
V  [jvm.dll+0x208f27]
V  [jvm.dll+0x20710b]
V  [jvm.dll+0x6dc339]
V  [jvm.dll+0x6d53e4]
V  [jvm.dll+0x5de996]
C  [ucrtbase.dll+0x29363]
C  [KERNEL32.DLL+0x1257d]
C  [ntdll.dll+0x5aa68]


---------------  P R O C E S S  ---------------

Threads class SMR info:
_java_thread_list=0x000002061aed39a0, length=10, elements={
0x000002067efa0000, 0x000002061ac06000, 0x000002061ac07000, 0x000002061ac63800,
0x000002061ac65000, 0x000002061ac68000, 0x000002061ac6c800, 0x000002061ac1f800,
0x000002061aef6800, 0x000002061aefe000
}

Java Threads: ( => current thread )
  0x000002067efa0000 JavaThread "main" [_thread_in_Java, id=14648, stack(0x000000e066d00000,0x000000e066e00000)]
  0x000002061ac06000 JavaThread "Reference Handler" daemon [_thread_blocked, id=30544, stack(0x000000e067400000,0x000000e067500000)]
  0x000002061ac07000 JavaThread "Finalizer" daemon [_thread_blocked, id=12712, stack(0x000000e067500000,0x000000e067600000)]
  0x000002061ac63800 JavaThread "Signal Dispatcher" daemon [_thread_blocked, id=15384, stack(0x000000e067600000,0x000000e067700000)]
  0x000002061ac65000 JavaThread "Attach Listener" daemon [_thread_blocked, id=7712, stack(0x000000e067700000,0x000000e067800000)]
=>0x000002061ac68000 JavaThread "C2 CompilerThread0" daemon [_thread_in_native, id=25524, stack(0x000000e067800000,0x000000e067900000)]
  0x000002061ac6c800 JavaThread "C1 CompilerThread0" daemon [_thread_blocked, id=7948, stack(0x000000e067900000,0x000000e067a00000)]
  0x000002061ac1f800 JavaThread "Sweeper thread" daemon [_thread_blocked, id=736, stack(0x000000e067a00000,0x000000e067b00000)]
  0x000002061aef6800 JavaThread "Service Thread" daemon [_thread_blocked, id=22844, stack(0x000000e067b00000,0x000000e067c00000)]
  0x000002061aefe000 JavaThread "Common-Cleaner" daemon [_thread_blocked, id=31952, stack(0x000000e067d00000,0x000000e067e00000)]

Other Threads:
  0x000002061abce000 VMThread "VM Thread" [stack: 0x000000e067300000,0x000000e067400000] [id=24200]
  0x000002061aef9000 WatcherThread [stack: 0x000000e067c00000,0x000000e067d00000] [id=924]
  0x000002067efb6800 GCTaskThread "GC Thread#0" [stack: 0x000000e066e00000,0x000000e066f00000] [id=6316]
  0x000002061b4e3800 GCTaskThread "GC Thread#1" [stack: 0x000000e067e00000,0x000000e067f00000] [id=21136]
  0x000002067efbc800 ConcurrentGCThread "G1 Main Marker" [stack: 0x000000e066f00000,0x000000e067000000] [id=31068]
  0x000002067efbf000 ConcurrentGCThread "G1 Conc#0" [stack: 0x000000e067000000,0x000000e067100000] [id=11928]
  0x000002067f017000 ConcurrentGCThread "G1 Refine#0" [stack: 0x000000e067100000,0x000000e067200000] [id=17684]
  0x000002067f018000 ConcurrentGCThread "G1 Young RemSet Sampling" [stack: 0x000000e067200000,0x000000e067300000] [id=30012]

Threads with active compile tasks:
C2 CompilerThread0   1992  798  s!   4       jdk.internal.loader.URLClassPath::getLoader (194 bytes)

VM state:not at safepoint (normal execution)

VM Mutex/Monitor currently owned by a thread: None

Heap address: 0x00000000fc000000, size: 64 MB, Compressed Oops mode: 32-bit
Narrow klass base: 0x0000000000000000, Narrow klass shift: 3
Compressed class space size: 1073741824 Address: 0x0000000100000000

Heap:
 garbage-first heap   total 65536K, used 15625K [0x00000000fc000000, 0x0000000100000000)
  region size 1024K, 12 young (12288K), 2 survivors (2048K)
 Metaspace       used 10196K, capacity 10413K, committed 10624K, reserved 1058816K
  class space    used 1046K, capacity 1129K, committed 1152K, reserved 1048576K
Heap Regions: E=young(eden), S=young(survivor), O=old, HS=humongous(starts), HC=humongous(continues), CS=collection set, F=free, A=archive, TAMS=top-at-mark-start (previous, next)
|   0|0x00000000fc000000, 0x00000000fc100000, 0x00000000fc100000|100%| O|  |TAMS 0x00000000fc000000, 0x00000000fc000000| Untracked 
|   1|0x00000000fc100000, 0x00000000fc142600, 0x00000000fc200000| 25%| O|  |TAMS 0x00000000fc100000, 0x00000000fc100000| Untracked 
|   2|0x00000000fc200000, 0x00000000fc300000, 0x00000000fc300000|100%|HS|  |TAMS 0x00000000fc200000, 0x00000000fc200000| Complete 
|   3|0x00000000fc300000, 0x00000000fc400000, 0x00000000fc400000|100%|HC|  |TAMS 0x00000000fc300000, 0x00000000fc300000| Complete 
|   4|0x00000000fc400000, 0x00000000fc500000, 0x00000000fc500000|100%|HC|  |TAMS 0x00000000fc400000, 0x00000000fc400000| Complete 
|   5|0x00000000fc500000, 0x00000000fc600000, 0x00000000fc600000|100%|HC|  |TAMS 0x00000000fc500000, 0x00000000fc500000| Complete 
|   6|0x00000000fc600000, 0x00000000fc600000, 0x00000000fc700000|  0%| F|  |TAMS 0x00000000fc600000, 0x00000000fc600000| Untracked 
|   7|0x00000000fc700000, 0x00000000fc700000, 0x00000000fc800000|  0%| F|  |TAMS 0x00000000fc700000, 0x00000000fc700000| Untracked 
|   8|0x00000000fc800000, 0x00000000fc800000, 0x00000000fc900000|  0%| F|  |TAMS 0x00000000fc800000, 0x00000000fc800000| Untracked 
|   9|0x00000000fc900000, 0x00000000fc900000, 0x00000000fca00000|  0%| F|  |TAMS 0x00000000fc900000, 0x00000000fc900000| Untracked 
|  10|0x00000000fca00000, 0x00000000fca00000, 0x00000000fcb00000|  0%| F|  |TAMS 0x00000000fca00000, 0x00000000fca00000| Untracked 
|  11|0x00000000fcb00000, 0x00000000fcb00000, 0x00000000fcc00000|  0%| F|  |TAMS 0x00000000fcb00000, 0x00000000fcb00000| Untracked 
|  12|0x00000000fcc00000, 0x00000000fcc00000, 0x00000000fcd00000|  0%| F|  |TAMS 0x00000000fcc00000, 0x00000000fcc00000| Untracked 
|  13|0x00000000fcd00000, 0x00000000fcd00000, 0x00000000fce00000|  0%| F|  |TAMS 0x00000000fcd00000, 0x00000000fcd00000| Untracked 
|  14|0x00000000fce00000, 0x00000000fce00000, 0x00000000fcf00000|  0%| F|  |TAMS 0x00000000fce00000, 0x00000000fce00000| Untracked 
|  15|0x00000000fcf00000, 0x00000000fcf00000, 0x00000000fd000000|  0%| F|  |TAMS 0x00000000fcf00000, 0x00000000fcf00000| Untracked 
|  16|0x00000000fd000000, 0x00000000fd000000, 0x00000000fd100000|  0%| F|  |TAMS 0x00000000fd000000, 0x00000000fd000000| Untracked 
|  17|0x00000000fd100000, 0x00000000fd100000, 0x00000000fd200000|  0%| F|  |TAMS 0x00000000fd100000, 0x00000000fd100000| Untracked 
|  18|0x00000000fd200000, 0x00000000fd200000, 0x00000000fd300000|  0%| F|  |TAMS 0x00000000fd200000, 0x00000000fd200000| Untracked 
|  19|0x00000000fd300000, 0x00000000fd300000, 0x00000000fd400000|  0%| F|  |TAMS 0x00000000fd300000, 0x00000000fd300000| Untracked 
|  20|0x00000000fd400000, 0x00000000fd400000, 0x00000000fd500000|  0%| F|  |TAMS 0x00000000fd400000, 0x00000000fd400000| Untracked 
|  21|0x00000000fd500000, 0x00000000fd500000, 0x00000000fd600000|  0%| F|  |TAMS 0x00000000fd500000, 0x00000000fd500000| Untracked 
|  22|0x00000000fd600000, 0x00000000fd600000, 0x00000000fd700000|  0%| F|  |TAMS 0x00000000fd600000, 0x00000000fd600000| Untracked 
|  23|0x00000000fd700000, 0x00000000fd700000, 0x00000000fd800000|  0%| F|  |TAMS 0x00000000fd700000, 0x00000000fd700000| Untracked 
|  24|0x00000000fd800000, 0x00000000fd800000, 0x00000000fd900000|  0%| F|  |TAMS 0x00000000fd800000, 0x00000000fd800000| Untracked 
|  25|0x00000000fd900000, 0x00000000fd900000, 0x00000000fda00000|  0%| F|  |TAMS 0x00000000fd900000, 0x00000000fd900000| Untracked 
|  26|0x00000000fda00000, 0x00000000fda00000, 0x00000000fdb00000|  0%| F|  |TAMS 0x00000000fda00000, 0x00000000fda00000| Untracked 
|  27|0x00000000fdb00000, 0x00000000fdb00000, 0x00000000fdc00000|  0%| F|  |TAMS 0x00000000fdb00000, 0x00000000fdb00000| Untracked 
|  28|0x00000000fdc00000, 0x00000000fdc00000, 0x00000000fdd00000|  0%| F|  |TAMS 0x00000000fdc00000, 0x00000000fdc00000| Untracked 
|  29|0x00000000fdd00000, 0x00000000fdd00000, 0x00000000fde00000|  0%| F|  |TAMS 0x00000000fdd00000, 0x00000000fdd00000| Untracked 
|  30|0x00000000fde00000, 0x00000000fde00000, 0x00000000fdf00000|  0%| F|  |TAMS 0x00000000fde00000, 0x00000000fde00000| Untracked 
|  31|0x00000000fdf00000, 0x00000000fdf00000, 0x00000000fe000000|  0%| F|  |TAMS 0x00000000fdf00000, 0x00000000fdf00000| Untracked 
|  32|0x00000000fe000000, 0x00000000fe000000, 0x00000000fe100000|  0%| F|  |TAMS 0x00000000fe000000, 0x00000000fe000000| Untracked 
|  33|0x00000000fe100000, 0x00000000fe100000, 0x00000000fe200000|  0%| F|  |TAMS 0x00000000fe100000, 0x00000000fe100000| Untracked 
|  34|0x00000000fe200000, 0x00000000fe200000, 0x00000000fe300000|  0%| F|  |TAMS 0x00000000fe200000, 0x00000000fe200000| Untracked 
|  35|0x00000000fe300000, 0x00000000fe300000, 0x00000000fe400000|  0%| F|  |TAMS 0x00000000fe300000, 0x00000000fe300000| Untracked 
|  36|0x00000000fe400000, 0x00000000fe400000, 0x00000000fe500000|  0%| F|  |TAMS 0x00000000fe400000, 0x00000000fe400000| Untracked 
|  37|0x00000000fe500000, 0x00000000fe500000, 0x00000000fe600000|  0%| F|  |TAMS 0x00000000fe500000, 0x00000000fe500000| Untracked 
|  38|0x00000000fe600000, 0x00000000fe600000, 0x00000000fe700000|  0%| F|  |TAMS 0x00000000fe600000, 0x00000000fe600000| Untracked 
|  39|0x00000000fe700000, 0x00000000fe700000, 0x00000000fe800000|  0%| F|  |TAMS 0x00000000fe700000, 0x00000000fe700000| Untracked 
|  40|0x00000000fe800000, 0x00000000fe800000, 0x00000000fe900000|  0%| F|  |TAMS 0x00000000fe800000, 0x00000000fe800000| Untracked 
|  41|0x00000000fe900000, 0x00000000fe900000, 0x00000000fea00000|  0%| F|  |TAMS 0x00000000fe900000, 0x00000000fe900000| Untracked 
|  42|0x00000000fea00000, 0x00000000fea00000, 0x00000000feb00000|  0%| F|  |TAMS 0x00000000fea00000, 0x00000000fea00000| Untracked 
|  43|0x00000000feb00000, 0x00000000feb00000, 0x00000000fec00000|  0%| F|  |TAMS 0x00000000feb00000, 0x00000000feb00000| Untracked 
|  44|0x00000000fec00000, 0x00000000fec00000, 0x00000000fed00000|  0%| F|  |TAMS 0x00000000fec00000, 0x00000000fec00000| Untracked 
|  45|0x00000000fed00000, 0x00000000fed00000, 0x00000000fee00000|  0%| F|  |TAMS 0x00000000fed00000, 0x00000000fed00000| Untracked 
|  46|0x00000000fee00000, 0x00000000fee00000, 0x00000000fef00000|  0%| F|  |TAMS 0x00000000fee00000, 0x00000000fee00000| Untracked 
|  47|0x00000000fef00000, 0x00000000fef00000, 0x00000000ff000000|  0%| F|  |TAMS 0x00000000fef00000, 0x00000000fef00000| Untracked 
|  48|0x00000000ff000000, 0x00000000ff100000, 0x00000000ff100000|100%| S|CS|TAMS 0x00000000ff000000, 0x00000000ff000000| Complete 
|  49|0x00000000ff100000, 0x00000000ff200000, 0x00000000ff200000|100%| S|CS|TAMS 0x00000000ff100000, 0x00000000ff100000| Complete 
|  50|0x00000000ff200000, 0x00000000ff200000, 0x00000000ff300000|  0%| F|  |TAMS 0x00000000ff200000, 0x00000000ff200000| Untracked 
|  51|0x00000000ff300000, 0x00000000ff300000, 0x00000000ff400000|  0%| F|  |TAMS 0x00000000ff300000, 0x00000000ff300000| Untracked 
|  52|0x00000000ff400000, 0x00000000ff400000, 0x00000000ff500000|  0%| F|  |TAMS 0x00000000ff400000, 0x00000000ff400000| Untracked 
|  53|0x00000000ff500000, 0x00000000ff500000, 0x00000000ff600000|  0%| F|  |TAMS 0x00000000ff500000, 0x00000000ff500000| Untracked 
|  54|0x00000000ff600000, 0x00000000ff680800, 0x00000000ff700000| 50%| E|  |TAMS 0x00000000ff600000, 0x00000000ff600000| Complete 
|  55|0x00000000ff700000, 0x00000000ff800000, 0x00000000ff800000|100%| E|CS|TAMS 0x00000000ff700000, 0x00000000ff700000| Complete 
|  56|0x00000000ff800000, 0x00000000ff900000, 0x00000000ff900000|100%| E|CS|TAMS 0x00000000ff800000, 0x00000000ff800000| Complete 
|  57|0x00000000ff900000, 0x00000000ffa00000, 0x00000000ffa00000|100%| E|CS|TAMS 0x00000000ff900000, 0x00000000ff900000| Complete 
|  58|0x00000000ffa00000, 0x00000000ffb00000, 0x00000000ffb00000|100%| E|CS|TAMS 0x00000000ffa00000, 0x00000000ffa00000| Complete 
|  59|0x00000000ffb00000, 0x00000000ffc00000, 0x00000000ffc00000|100%| E|CS|TAMS 0x00000000ffb00000, 0x00000000ffb00000| Complete 
|  60|0x00000000ffc00000, 0x00000000ffd00000, 0x00000000ffd00000|100%| E|CS|TAMS 0x00000000ffc00000, 0x00000000ffc00000| Complete 
|  61|0x00000000ffd00000, 0x00000000ffe00000, 0x00000000ffe00000|100%| E|  |TAMS 0x00000000ffd00000, 0x00000000ffd00000| Complete 
|  62|0x00000000ffe00000, 0x00000000fff00000, 0x00000000fff00000|100%| E|CS|TAMS 0x00000000ffe00000, 0x00000000ffe00000| Complete 
|  63|0x00000000fff00000, 0x0000000100000000, 0x0000000100000000|100%| E|CS|TAMS 0x00000000fff00000, 0x00000000fff00000| Complete 

Card table byte_map: [0x0000020617c00000,0x0000020617c20000] _byte_map_base: 0x0000020617420000

Marking Bits (Prev, Next): (CMBitMap*) 0x000002067efbb988, (CMBitMap*) 0x000002067efbb9c0
 Prev Bits: [0x0000020617c40000, 0x0000020617d40000)
 Next Bits: [0x0000020617d40000, 0x0000020617e40000)

Polling page: 0x0000020600000000

Metaspace:

Usage:
  Non-class:      9.07 MB capacity,     8.94 MB ( 99%) used,   123.45 KB (  1%) free+waste,    10.25 KB ( <1%) overhead. 
      Class:      1.10 MB capacity,     1.02 MB ( 93%) used,    77.49 KB (  7%) free+waste,     4.94 KB ( <1%) overhead. 
       Both:     10.17 MB capacity,     9.96 MB ( 98%) used,   200.95 KB (  2%) free+waste,    15.19 KB ( <1%) overhead. 

Virtual space:
  Non-class space:       10.00 MB reserved,       9.25 MB ( 93%) committed 
      Class space:        1.00 GB reserved,       1.13 MB ( <1%) committed 
             Both:        1.01 GB reserved,      10.38 MB (  1%) committed 

Chunk freelists:
   Non-Class:  60.00 KB
       Class:  23.00 KB
        Both:  83.00 KB

MaxMetaspaceSize: 17179869184.00 GB
CompressedClassSpaceSize: 1.00 GB

CodeHeap 'non-profiled nmethods': size=120064Kb used=270Kb max_used=270Kb free=119793Kb
 bounds [0x0000020610070000, 0x00000206102e0000, 0x00000206175b0000]
CodeHeap 'profiled nmethods': size=120000Kb used=1640Kb max_used=1640Kb free=118359Kb
 bounds [0x0000020608b40000, 0x0000020608db0000, 0x0000020610070000]
CodeHeap 'non-nmethods': size=5696Kb used=1065Kb max_used=1077Kb free=4631Kb
 bounds [0x00000206085b0000, 0x0000020608820000, 0x0000020608b40000]
 total_blobs=1209 nmethods=841 adapters=280
 compilation: enabled
              stopped_count=0, restarted_count=0
 full_count=0

Compilation events (20 events):
Event: 1.899 Thread 0x000002061ac6c800 nmethod 829 0x0000020608cca990 code [0x0000020608ccab40, 0x0000020608ccac58]
Event: 1.899 Thread 0x000002061ac6c800  830       3       java.security.SecureClassLoader$CodeSourceKey::<init> (10 bytes)
Event: 1.899 Thread 0x000002061ac6c800 nmethod 830 0x0000020608ccad10 code [0x0000020608ccaec0, 0x0000020608ccb078]
Event: 1.901 Thread 0x000002061ac6c800  831       1       org.gradle.internal.buildoption.AbstractBuildOption::getGradleProperty (5 bytes)
Event: 1.901 Thread 0x000002061ac6c800 nmethod 831 0x00000206100b3590 code [0x00000206100b3740, 0x00000206100b37f8]
Event: 1.901 Thread 0x000002061ac6c800  832       3       java.lang.String::toString (2 bytes)
Event: 1.901 Thread 0x000002061ac6c800 nmethod 832 0x0000020608ccb110 code [0x0000020608ccb2c0, 0x0000020608ccb3b8]
Event: 1.901 Thread 0x000002061ac6c800  833       3       org.gradle.launcher.cli.converter.LayoutToPropertiesConverter$1::isSatisfiedBy (9 bytes)
Event: 1.902 Thread 0x000002061ac6c800 nmethod 833 0x0000020608ccb490 code [0x0000020608ccb680, 0x0000020608ccbbd8]
Event: 1.902 Thread 0x000002061ac6c800  834       3       org.gradle.launcher.cli.converter.LayoutToPropertiesConverter$1::isSatisfiedBy (30 bytes)
Event: 1.903 Thread 0x000002061ac6c800 nmethod 834 0x0000020608ccbd90 code [0x0000020608ccbf60, 0x0000020608ccc338]
Event: 1.903 Thread 0x000002061ac6c800  836       3       java.util.concurrent.ConcurrentHashMap$BaseIterator::hasNext (13 bytes)
Event: 1.903 Thread 0x000002061ac6c800 nmethod 836 0x0000020608ccc490 code [0x0000020608ccc640, 0x0000020608ccc798]
Event: 1.903 Thread 0x000002061ac6c800  835       1       java.util.concurrent.ConcurrentHashMap$MapEntry::getKey (5 bytes)
Event: 1.903 Thread 0x000002061ac6c800 nmethod 835 0x00000206100b3890 code [0x00000206100b3a40, 0x00000206100b3af8]
Event: 1.914 Thread 0x000002061ac6c800  837       3       java.lang.StringCoding::decodeUTF8 (45 bytes)
Event: 1.914 Thread 0x000002061ac6c800 nmethod 837 0x0000020608ccc810 code [0x0000020608ccca20, 0x0000020608ccceb8]
Event: 1.920 Thread 0x000002061ac6c800  838       3       java.util.jar.Manifest$FastInputStream::readLine (9 bytes)
Event: 1.921 Thread 0x000002061ac6c800 nmethod 838 0x0000020608ccd010 code [0x0000020608ccd1c0, 0x0000020608ccd308]
Event: 1.927 Thread 0x000002061ac6c800  839       3       java.util.regex.Pattern::sequence (645 bytes)

GC Heap History (2 events):
Event: 1.113 GC heap before
{Heap before GC invocations=0 (full 0):
 garbage-first heap   total 65536K, used 13312K [0x00000000fc000000, 0x0000000100000000)
  region size 1024K, 14 young (14336K), 0 survivors (0K)
 Metaspace       used 7809K, capacity 7953K, committed 8192K, reserved 1056768K
  class space    used 704K, capacity 754K, committed 768K, reserved 1048576K
}
Event: 1.120 GC heap after
{Heap after GC invocations=1 (full 0):
 garbage-first heap   total 65536K, used 3337K [0x00000000fc000000, 0x0000000100000000)
  region size 1024K, 2 young (2048K), 2 survivors (2048K)
 Metaspace       used 7809K, capacity 7953K, committed 8192K, reserved 1056768K
  class space    used 704K, capacity 754K, committed 768K, reserved 1048576K
}

Deoptimization events (20 events):
Event: 1.885 Thread 0x000002067efa0000 Uncommon trap: trap_request=0xffffffde fr.pc=0x000002061008da64 relative=0x00000000000003c4
Event: 1.885 Thread 0x000002067efa0000 Uncommon trap: reason=class_check action=maybe_recompile pc=0x000002061008da64 method=java.util.regex.Matcher.match(II)Z @ 121 c2
Event: 1.885 Thread 0x000002067efa0000 DEOPT PACKING pc=0x000002061008da64 sp=0x000000e066dfd210
Event: 1.885 Thread 0x000002067efa0000 DEOPT UNPACKING pc=0x00000206085d74af sp=0x000000e066dfd1b8 mode 2
Event: 1.885 Thread 0x000002067efa0000 Uncommon trap: trap_request=0xffffffde fr.pc=0x000002061008da64 relative=0x00000000000003c4
Event: 1.885 Thread 0x000002067efa0000 Uncommon trap: reason=class_check action=maybe_recompile pc=0x000002061008da64 method=java.util.regex.Matcher.match(II)Z @ 121 c2
Event: 1.885 Thread 0x000002067efa0000 DEOPT PACKING pc=0x000002061008da64 sp=0x000000e066dfd210
Event: 1.885 Thread 0x000002067efa0000 DEOPT UNPACKING pc=0x00000206085d74af sp=0x000000e066dfd1b8 mode 2
Event: 1.886 Thread 0x000002067efa0000 Uncommon trap: trap_request=0xffffffde fr.pc=0x000002061008da64 relative=0x00000000000003c4
Event: 1.886 Thread 0x000002067efa0000 Uncommon trap: reason=class_check action=maybe_recompile pc=0x000002061008da64 method=java.util.regex.Matcher.match(II)Z @ 121 c2
Event: 1.886 Thread 0x000002067efa0000 DEOPT PACKING pc=0x000002061008da64 sp=0x000000e066dfd090
Event: 1.886 Thread 0x000002067efa0000 DEOPT UNPACKING pc=0x00000206085d74af sp=0x000000e066dfd038 mode 2
Event: 1.887 Thread 0x000002067efa0000 Uncommon trap: trap_request=0xffffffde fr.pc=0x000002061008da64 relative=0x00000000000003c4
Event: 1.887 Thread 0x000002067efa0000 Uncommon trap: reason=class_check action=maybe_recompile pc=0x000002061008da64 method=java.util.regex.Matcher.match(II)Z @ 121 c2
Event: 1.887 Thread 0x000002067efa0000 DEOPT PACKING pc=0x000002061008da64 sp=0x000000e066dfd090
Event: 1.887 Thread 0x000002067efa0000 DEOPT UNPACKING pc=0x00000206085d74af sp=0x000000e066dfd038 mode 2
Event: 1.892 Thread 0x000002067efa0000 Uncommon trap: trap_request=0xffffff4d fr.pc=0x000002061007c5f4 relative=0x0000000000000054
Event: 1.892 Thread 0x000002067efa0000 Uncommon trap: reason=unstable_if action=reinterpret pc=0x000002061007c5f4 method=java.util.regex.Pattern.has(I)Z @ 6 c2
Event: 1.892 Thread 0x000002067efa0000 DEOPT PACKING pc=0x000002061007c5f4 sp=0x000000e066dfce80
Event: 1.892 Thread 0x000002067efa0000 DEOPT UNPACKING pc=0x00000206085d74af sp=0x000000e066dfce10 mode 2

Classes redefined (0 events):
No events

Internal exceptions (3 events):
Event: 0.352 Thread 0x000002067efa0000 Exception <a 'java/lang/NoSuchMethodError'{0x00000000ffc4dfb8}: 'int java.lang.invoke.DirectMethodHandle$Holder.invokeStaticInit(java.lang.Object, java.lang.Object)'> (0x00000000ffc4dfb8) thrown at [./src/hotspot/share/interpreter/linkResolver.cpp, line 773]
Event: 0.436 Thread 0x000002067efa0000 Exception <a 'java/lang/NoSuchMethodError'{0x00000000ffb22920}: 'int java.lang.invoke.DirectMethodHandle$Holder.invokeSpecial(java.lang.Object, java.lang.Object, java.lang.Object, java.lang.Object)'> (0x00000000ffb22920) thrown at [./src/hotspot/share/interpreter/linkResolver.cpp, line 773]
Event: 0.447 Thread 0x000002067efa0000 Exception <a 'java/lang/NoSuchMethodError'{0x00000000ffb5aef8}: 'int java.lang.invoke.DirectMethodHandle$Holder.invokeSpecialIFC(java.lang.Object, java.lang.Object, int)'> (0x00000000ffb5aef8) thrown at [./src/hotspot/share/interpreter/linkResolver.cpp, line 773]

Events (20 events):
Event: 1.922 loading class org/gradle/api/internal/DocumentationRegistry
Event: 1.922 loading class org/gradle/api/internal/DocumentationRegistry done
Event: 1.923 loading class org/gradle/util/GradleVersion
Event: 1.923 loading class org/gradle/util/GradleVersion done
Event: 1.924 loading class org/gradle/util/internal/DefaultGradleVersion
Event: 1.924 loading class org/gradle/util/internal/DefaultGradleVersion done
Event: 1.925 loading class java/text/ParseException
Event: 1.925 loading class java/text/ParseException done
Event: 1.925 loading class java/util/regex/Pattern$Curly
Event: 1.925 loading class java/util/regex/Pattern$Curly done
Event: 1.925 loading class java/util/regex/Pattern$Qtype
Event: 1.926 loading class java/util/regex/Pattern$Qtype done
Event: 1.926 loading class java/util/regex/Pattern$Ques
Event: 1.926 loading class java/util/regex/Pattern$Ques done
Event: 1.926 loading class java/util/regex/Pattern$Loop
Event: 1.926 loading class java/util/regex/Pattern$Loop done
Event: 1.926 loading class java/util/regex/Pattern$Prolog
Event: 1.927 loading class java/util/regex/Pattern$Prolog done
Event: 1.928 loading class java/net/URLClassLoader$2
Event: 1.929 loading class java/net/URLClassLoader$2 done


Dynamic libraries:
0x00007ff7e2f90000 - 0x00007ff7e2f9d000 	C:\Program Files\OpenJDK\jdk-11.0.8.10-hotspot\bin\java.exe
0x00007fff373b0000 - 0x00007fff375c4000 	C:\Windows\SYSTEM32\ntdll.dll
0x00007fff36e50000 - 0x00007fff36f14000 	C:\Windows\System32\KERNEL32.DLL
0x00007fff34a80000 - 0x00007fff34e24000 	C:\Windows\System32\KERNELBASE.dll
0x00007fff35020000 - 0x00007fff35131000 	C:\Windows\System32\ucrtbase.dll
0x00007fff2f5e0000 - 0x00007fff2f5f7000 	C:\Program Files\OpenJDK\jdk-11.0.8.10-hotspot\bin\jli.dll
0x00007fff36bb0000 - 0x00007fff36d5e000 	C:\Windows\System32\USER32.dll
0x00007fff34760000 - 0x00007fff34786000 	C:\Windows\System32\win32u.dll
0x00007fff2f600000 - 0x00007fff2f615000 	C:\Program Files\OpenJDK\jdk-11.0.8.10-hotspot\bin\VCRUNTIME140.dll
0x00007fff36e10000 - 0x00007fff36e39000 	C:\Windows\System32\GDI32.dll
0x00007fff34800000 - 0x00007fff34918000 	C:\Windows\System32\gdi32full.dll
0x00007fff349e0000 - 0x00007fff34a7a000 	C:\Windows\System32\msvcp_win.dll
0x00007fff11eb0000 - 0x00007fff12143000 	C:\Windows\WinSxS\amd64_microsoft.windows.common-controls_6595b64144ccf1df_6.0.22621.2215_none_270d72677387dfc3\COMCTL32.dll
0x00007fff36d60000 - 0x00007fff36e07000 	C:\Windows\System32\msvcrt.dll
0x00007fff35650000 - 0x00007fff35681000 	C:\Windows\System32\IMM32.DLL
0x00007fff2f500000 - 0x00007fff2f59b000 	C:\Program Files\OpenJDK\jdk-11.0.8.10-hotspot\bin\msvcp140.dll
0x00007ffea8310000 - 0x00007ffea8dcd000 	C:\Program Files\OpenJDK\jdk-11.0.8.10-hotspot\bin\server\jvm.dll
0x00007fff35140000 - 0x00007fff351f0000 	C:\Windows\System32\ADVAPI32.dll
0x00007fff35b90000 - 0x00007fff35c36000 	C:\Windows\System32\sechost.dll
0x00007fff35c40000 - 0x00007fff35d57000 	C:\Windows\System32\RPCRT4.dll
0x00007fff36b40000 - 0x00007fff36b48000 	C:\Windows\System32\PSAPI.DLL
0x00007fff1dec0000 - 0x00007fff1dec9000 	C:\Windows\SYSTEM32\WSOCK32.dll
0x00007fff36590000 - 0x00007fff36601000 	C:\Windows\System32\WS2_32.dll
0x00007fff2b820000 - 0x00007fff2b854000 	C:\Windows\SYSTEM32\WINMM.dll
0x00007fff236e0000 - 0x00007fff236ea000 	C:\Windows\SYSTEM32\VERSION.dll
0x00007fff33770000 - 0x00007fff33788000 	C:\Windows\SYSTEM32\kernel.appcore.dll
0x00007fff2f5d0000 - 0x00007fff2f5e0000 	C:\Program Files\OpenJDK\jdk-11.0.8.10-hotspot\bin\verify.dll
0x00007fff31780000 - 0x00007fff319ae000 	C:\Windows\SYSTEM32\DBGHELP.DLL
0x00007fff367b0000 - 0x00007fff36b3a000 	C:\Windows\System32\combase.dll
0x00007fff351f0000 - 0x00007fff352c7000 	C:\Windows\System32\OLEAUT32.dll
0x00007fff22230000 - 0x00007fff22262000 	C:\Windows\SYSTEM32\dbgcore.DLL
0x00007fff34e30000 - 0x00007fff34eaa000 	C:\Windows\System32\bcryptPrimitives.dll
0x00007fff21360000 - 0x00007fff21388000 	C:\Program Files\OpenJDK\jdk-11.0.8.10-hotspot\bin\java.dll
0x00007fff2f5c0000 - 0x00007fff2f5ca000 	C:\Program Files\OpenJDK\jdk-11.0.8.10-hotspot\bin\jimage.dll
0x00007fff2d2d0000 - 0x00007fff2d2e7000 	C:\Program Files\OpenJDK\jdk-11.0.8.10-hotspot\bin\zip.dll
0x00007fff35d60000 - 0x00007fff36583000 	C:\Windows\System32\SHELL32.dll
0x00007fff326a0000 - 0x00007fff32f8a000 	C:\Windows\SYSTEM32\windows.storage.dll
0x00007fff32560000 - 0x00007fff3269e000 	C:\Windows\SYSTEM32\wintypes.dll
0x00007fff35360000 - 0x00007fff35453000 	C:\Windows\System32\SHCORE.dll
0x00007fff36f70000 - 0x00007fff36fce000 	C:\Windows\System32\shlwapi.dll
0x00007fff34690000 - 0x00007fff346b6000 	C:\Windows\SYSTEM32\profapi.dll
0x00007fff1f010000 - 0x00007fff1f029000 	C:\Program Files\OpenJDK\jdk-11.0.8.10-hotspot\bin\net.dll
0x00007fff2b4f0000 - 0x00007fff2b627000 	C:\Windows\SYSTEM32\WINHTTP.dll
0x00007fff33cd0000 - 0x00007fff33d39000 	C:\Windows\system32\mswsock.dll
0x00007fff1ef20000 - 0x00007fff1ef32000 	C:\Program Files\OpenJDK\jdk-11.0.8.10-hotspot\bin\nio.dll

dbghelp: loaded successfully - version: 4.0.5 - missing functions: none
symbol engine: initialized successfully - sym options: 0x614 - pdb path: .;C:\Program Files\OpenJDK\jdk-11.0.8.10-hotspot\bin;C:\Windows\SYSTEM32;C:\Windows\WinSxS\amd64_microsoft.windows.common-controls_6595b64144ccf1df_6.0.22621.2215_none_270d72677387dfc3;C:\Program Files\OpenJDK\jdk-11.0.8.10-hotspot\bin\server

VM Arguments:
jvm_args: -Xmx64m -Xms64m -Dorg.gradle.appname=gradlew 
java_command: org.gradle.wrapper.GradleWrapperMain tasks
java_class_path (initial): C:\Users\mpran\OneDrive\Desktop\VS CODE\REACT NATIVE\ToDoApp\android\\gradle\wrapper\gradle-wrapper.jar
Launcher Type: SUN_STANDARD

[Global flags]
     intx CICompilerCount                          = 3                                         {product} {ergonomic}
     uint ConcGCThreads                            = 1                                         {product} {ergonomic}
     uint G1ConcRefinementThreads                  = 4                                         {product} {ergonomic}
   size_t G1HeapRegionSize                         = 1048576                                   {product} {ergonomic}
    uintx GCDrainStackTargetSize                   = 64                                        {product} {ergonomic}
   size_t InitialHeapSize                          = 67108864                                  {product} {command line}
   size_t MarkStackSize                            = 4194304                                   {product} {ergonomic}
   size_t MaxHeapSize                              = 67108864                                  {product} {command line}
   size_t MaxNewSize                               = 39845888                                  {product} {ergonomic}
   size_t MinHeapDeltaBytes                        = 1048576                                   {product} {ergonomic}
    uintx NonNMethodCodeHeapSize                   = 5830732                                {pd product} {ergonomic}
    uintx NonProfiledCodeHeapSize                  = 122913754                              {pd product} {ergonomic}
    uintx ProfiledCodeHeapSize                     = 122913754                              {pd product} {ergonomic}
    uintx ReservedCodeCacheSize                    = 251658240                              {pd product} {ergonomic}
     bool SegmentedCodeCache                       = true                                      {product} {ergonomic}
     bool UseCompressedClassPointers               = true                                 {lp64_product} {ergonomic}
     bool UseCompressedOops                        = true                                 {lp64_product} {ergonomic}
     bool UseG1GC                                  = true                                      {product} {ergonomic}
     bool UseLargePagesIndividualAllocation        = false                                  {pd product} {ergonomic}

Logging:
Log output configuration:
 #0: stdout all=warning uptime,level,tags
 #1: stderr all=off uptime,level,tags

Environment Variables:
JAVA_HOME=C:\Program Files\OpenJDK\jdk-11.0.8.10-hotspot
CLASSPATH=C:\Users\mpran\OneDrive\Desktop\VS CODE\REACT NATIVE\ToDoApp\android\\gradle\wrapper\gradle-wrapper.jar
PATH=C:\Users\mpran\OneDrive\Desktop\VS CODE\REACT NATIVE\ToDoApp\node_modules\.bin;C:\Users\mpran\OneDrive\Desktop\VS CODE\REACT NATIVE\ToDoApp\node_modules\.bin;C:\Users\mpran\OneDrive\Desktop\VS CODE\REACT NATIVE\node_modules\.bin;C:\Users\mpran\OneDrive\Desktop\VS CODE\node_modules\.bin;C:\Users\mpran\OneDrive\Desktop\node_modules\.bin;C:\Users\mpran\OneDrive\node_modules\.bin;C:\Users\mpran\node_modules\.bin;C:\Users\node_modules\.bin;C:\node_modules\.bin;C:\Program Files\nodejs\node_modules\npm\node_modules\@npmcli\run-script\lib\node-gyp-bin;C:\Users\mpran\OneDrive\Desktop\VS CODE\REACT NATIVE\ToDoApp\node_modules\.bin;C:\Users\mpran\OneDrive\Desktop\VS CODE\REACT NATIVE\node_modules\.bin;C:\Users\mpran\OneDrive\Desktop\VS CODE\node_modules\.bin;C:\Users\mpran\OneDrive\Desktop\node_modules\.bin;C:\Users\mpran\OneDrive\node_modules\.bin;C:\Users\mpran\node_modules\.bin;C:\Users\node_modules\.bin;C:\node_modules\.bin;C:\Program Files\nodejs\node_modules\npm\node_modules\@npmcli\run-script\lib\node-gyp-bin;C:\Program Files\OpenJDK\jdk-11.0.8.10-hotspot\bin;C:\Program Files\Python311\Scripts\;C:\Program Files\Python311\;C:\Windows\system32;C:\Windows;C:\Windows\System32\Wbem;C:\Windows\System32\WindowsPowerShell\v1.0\;C:\Windows\System32\OpenSSH\;C:\ProgramData\chocolatey\bin;C:\Program Files\Git\cmd;C:\Program Files\nodejs\;C:\Users\mpran\AppData\Local\Android\Sdk\platform-tools;C:\Program Files\OpenJDK\jdk-11.0.8.10-hotspot;C:\Program Files\Redis\;C:\Users\mpran\AppData\Local\Microsoft\WindowsApps;C:\Users\mpran\AppData\Local\Programs\Microsoft VS Code\bin;C:\Program Files\MongoDB\Server\6.0\bin;C:\Users\mpran\AppData\Roaming\npm
USERNAME=mpran
LANG=en_US.UTF-8
OS=Windows_NT
PROCESSOR_IDENTIFIER=Intel64 Family 6 Model 78 Stepping 3, GenuineIntel



---------------  S Y S T E M  ---------------

OS: Windows 10 , 64 bit Build 22621 (10.0.22621.2215)
OS uptime: 8 days 2:26 hours
HyperV virtualization detected

CPU:total 4 (initial active 4) (2 cores per cpu, 2 threads per core) family 6 model 78 stepping 3, cmov, cx8, fxsr, mmx, sse, sse2, sse3, ssse3, sse4.1, sse4.2, popcnt, avx, avx2, aes, clmul, erms, rtm, 3dnowpref, lzcnt, ht, tsc, tscinvbit, bmi1, bmi2, adx, fma

Memory: 4k page, system-wide physical 8083M (249M free)
TotalPageFile size 32659M (AvailPageFile size 0M)
current process WorkingSet (physical memory assigned to process): 70M, peak: 70M
current process commit charge ("private bytes"): 148M, peak: 148M

vm_info: OpenJDK 64-Bit Server VM (11.0.8-internal+0-adhoc..jdk11u) for windows-amd64 JRE (11.0.8-internal+0-adhoc..jdk11u), built on Jul 17 2020 14:11:18 by "" with MS VC++ 15.9 (VS2017)

END.
